Success (15):
datatype 2732 {urn:com:appian:types:APP}APP_MAIL_POLLER "{urn:com:appian:types:APP}APP_MAIL_POLLER"
datatype 2944 {urn:com:appian:types:APP}APP_MAIL_POLLER_DOC "{urn:com:appian:types:APP}APP_MAIL_POLLER_DOC"
dataStore 3555 _a-0000e246-1655-8000-e99f-01ef9001ef90_22307 "APP_MailPollerDS"
group 133 _e-0000e505-a053-8000-29a4-011e94011e94_732 "APP Administrators"
group 134 _e-0000e505-a053-8000-29a4-011e94011e94_734 "APP Designers"
content 1911 _a-0000e246-1655-8000-e99f-01ef9001ef90_22321 "APP Mail KC"
content 1912 _a-0000e246-1655-8000-e99f-01ef9001ef90_22328 "APP Mail Folder"
content 1913 _a-0000e246-1655-8000-e99f-01ef9001ef90_22455 "App Mail Rules Folder"
content 3557 _a-0000e246-1655-8000-e99f-01ef9001ef90_22460 "APP_MAIL_DSE"
content 3556 _a-0000e248-958c-8000-e99f-01ef9001ef90_22818 "APP_viewEmailsFromDB"
content 1916 _a-0000e248-958c-8000-e99f-01ef9001ef90_22863 "APP_MAIL_DOC_DSE"
content 1917 _a-0000e248-958c-8000-e99f-01ef9001ef90_22869 "APP_viewEmailDocsFromDB"
processModelFolder 12 _g-0000e246-1655-8000-e99f-014d98014d98_1 "APP PMs"
processModel 160 0002e247-8856-8000-e99f-014d98014d98 "APP Poll Mail From Mailbox"
application 1918 _a-0000e246-1655-8000-e99f-01ef9001ef90_22268 "MSGraph Mail Poller"

Trace:
2020-09-23 14:55:45.75 DEBUG application 1918 _a-0000e246-1655-8000-e99f-01ef9001ef90_22268 Begin transport.
2020-09-23 14:55:45.75 DEBUG application 1918 _a-0000e246-1655-8000-e99f-01ef9001ef90_22268 Retrieving object data.
2020-09-23 14:55:45.757 DEBUG application 1918 _a-0000e246-1655-8000-e99f-01ef9001ef90_22268 App associated objects: [datatype=[{urn:com:appian:types:APP}APP_MAIL_POLLER, {urn:com:appian:types:APP}APP_MAIL_POLLER_DOC],dataStore=[_a-0000e246-1655-8000-e99f-01ef9001ef90_22307],group=[_e-0000e505-a053-8000-29a4-011e94011e94_732, _e-0000e505-a053-8000-29a4-011e94011e94_734],content=[_a-0000e246-1655-8000-e99f-01ef9001ef90_22321, _a-0000e246-1655-8000-e99f-01ef9001ef90_22328, _a-0000e246-1655-8000-e99f-01ef9001ef90_22455, _a-0000e246-1655-8000-e99f-01ef9001ef90_22460, _a-0000e248-958c-8000-e99f-01ef9001ef90_22818, _a-0000e248-958c-8000-e99f-01ef9001ef90_22863, _a-0000e248-958c-8000-e99f-01ef9001ef90_22869],processModelFolder=[_g-0000e246-1655-8000-e99f-014d98014d98_1],processModel=[0002e247-8856-8000-e99f-014d98014d98]]
2020-09-23 14:55:45.767 DEBUG application 1918 _a-0000e246-1655-8000-e99f-01ef9001ef90_22268 Invalid associated objects: []
2020-09-23 14:55:45.767 DEBUG application 1918 _a-0000e246-1655-8000-e99f-01ef9001ef90_22268 Adding valid associated objects to be exported: GlobalBindingMap[datatype={{urn:com:appian:types:APP}APP_MAIL_POLLER=2732, {urn:com:appian:types:APP}APP_MAIL_POLLER_DOC=2944},dataStore={_a-0000e246-1655-8000-e99f-01ef9001ef90_22307=3555},group={_e-0000e505-a053-8000-29a4-011e94011e94_732=133, _e-0000e505-a053-8000-29a4-011e94011e94_734=134},content={_a-0000e246-1655-8000-e99f-01ef9001ef90_22321=1911, _a-0000e246-1655-8000-e99f-01ef9001ef90_22328=1912, _a-0000e246-1655-8000-e99f-01ef9001ef90_22455=1913, _a-0000e246-1655-8000-e99f-01ef9001ef90_22460=3557, _a-0000e248-958c-8000-e99f-01ef9001ef90_22818=3556, _a-0000e248-958c-8000-e99f-01ef9001ef90_22863=1916, _a-0000e248-958c-8000-e99f-01ef9001ef90_22869=1917},processModelFolder={_g-0000e246-1655-8000-e99f-014d98014d98_1=12},processModel={0002e247-8856-8000-e99f-014d98014d98=160}]
2020-09-23 14:55:45.767 DEBUG application 1918 _a-0000e246-1655-8000-e99f-01ef9001ef90_22268 Setting uuids of object references.
2020-09-23 14:55:45.767 DEBUG application 1918 _a-0000e246-1655-8000-e99f-01ef9001ef90_22268 Processing reference: Application.forum
2020-09-23 14:55:45.767 DEBUG application 1918 _a-0000e246-1655-8000-e99f-01ef9001ef90_22268 Processing reference: Application.parent
2020-09-23 14:55:45.771 DEBUG application 1918 _a-0000e246-1655-8000-e99f-01ef9001ef90_22268 Processing reference: com.appiancorp.suiteapi.content.ContentRoleMap@7dc3da35[
  ContentRole[name=readers,inherit=false,allowForAll=false]
  ContentRole[name=authors,groupIds=[134],inherit=false,allowForAll=false]
  ContentRole[name=administrators,groupIds=[133],inherit=false,allowForAll=false]
  ContentRole[name=denyReaders,inherit=false,allowForAll=false]
  ContentRole[name=denyAuthors,inherit=false,allowForAll=false]
  ContentRole[name=denyAdministrators,inherit=false,allowForAll=false]
  securityVector=1:SEC_PUBLIC=true,SEC_CREATOR_ADMIN=false,SEC_INH_ADMIN=false,SEC_INH_EDITOR=false,SEC_INH_VIEWER=false,SEC_ALL_ADMIN=false,SEC_ALL_EDITOR=false,SEC_ALL_VIEWER=false
]
2020-09-23 14:55:45.771 DEBUG application 1918 _a-0000e246-1655-8000-e99f-01ef9001ef90_22268 Processing reference: ContentRole[name=readers,inherit=false,allowForAll=false]
2020-09-23 14:55:45.771 DEBUG application 1918 _a-0000e246-1655-8000-e99f-01ef9001ef90_22268 Processing reference: ContentRole[name=authors,groupIds=[134],inherit=false,allowForAll=false]
2020-09-23 14:55:45.773 DEBUG group 134 _e-0000e505-a053-8000-29a4-011e94011e94_734 Begin transport.
2020-09-23 14:55:45.773 DEBUG group 134 _e-0000e505-a053-8000-29a4-011e94011e94_734 Retrieving object data.
2020-09-23 14:55:45.782 DEBUG group 134 _e-0000e505-a053-8000-29a4-011e94011e94_734 Setting uuids of object references.
2020-09-23 14:55:45.782 DEBUG group 134 _e-0000e505-a053-8000-29a4-011e94011e94_734 Processing reference: Role[name=<null>,groupIds=[133]]
2020-09-23 14:55:45.784 DEBUG group 133 _e-0000e505-a053-8000-29a4-011e94011e94_732 Begin transport.
2020-09-23 14:55:45.784 DEBUG group 133 _e-0000e505-a053-8000-29a4-011e94011e94_732 Retrieving object data.
2020-09-23 14:55:45.792 DEBUG group 133 _e-0000e505-a053-8000-29a4-011e94011e94_732 Setting uuids of object references.
2020-09-23 14:55:45.792 DEBUG group 133 _e-0000e505-a053-8000-29a4-011e94011e94_732 Processing reference: Role[name=<null>,groupIds=[133]]
2020-09-23 14:55:45.794 DEBUG group 133 _e-0000e505-a053-8000-29a4-011e94011e94_732 Begin transport.
2020-09-23 14:55:45.794 DEBUG group 133 _e-0000e505-a053-8000-29a4-011e94011e94_732 Loop detected: [group:133]
2020-09-23 14:55:45.794 DEBUG group 133 Breaking loop [group:133]. group:133 will be transported with its reference to 133 nulled out and will require a second pass.
2020-09-23 14:55:45.794 DEBUG group 133 _e-0000e505-a053-8000-29a4-011e94011e94_732 Processing reference: Group.groupTypeId
2020-09-23 14:55:45.796 DEBUG group 133 _e-0000e505-a053-8000-29a4-011e94011e94_732 Processing reference: Group.parentId
2020-09-23 14:55:45.797 DEBUG group 133 _e-0000e505-a053-8000-29a4-011e94011e94_732 Processing reference: Group.homePageId
2020-09-23 14:55:45.797 DEBUG group 133 _e-0000e505-a053-8000-29a4-011e94011e94_732 Processing reference: Role[name=<null>]
2020-09-23 14:55:45.797 DEBUG group 133 _e-0000e505-a053-8000-29a4-011e94011e94_732 Completing produce.
2020-09-23 14:55:45.797 DEBUG group 133 _e-0000e505-a053-8000-29a4-011e94011e94_732 Object transported with these references nulled out: [group:133]
2020-09-23 14:55:45.797 DEBUG group 133 _e-0000e505-a053-8000-29a4-011e94011e94_732 Binding pending incomplete: group:133
2020-09-23 14:55:45.799 DEBUG group 133 _e-0000e505-a053-8000-29a4-011e94011e94_732 Begin transport.
2020-09-23 14:55:45.799 DEBUG group 133 _e-0000e505-a053-8000-29a4-011e94011e94_732 Retrieving object data.
2020-09-23 14:55:45.807 DEBUG group 133 _e-0000e505-a053-8000-29a4-011e94011e94_732 Setting uuids of object references.
2020-09-23 14:55:45.807 DEBUG group 133 _e-0000e505-a053-8000-29a4-011e94011e94_732 Processing reference: Role[name=<null>,groupIds=[133]]
2020-09-23 14:55:45.809 DEBUG group 133 _e-0000e505-a053-8000-29a4-011e94011e94_732 Processing reference: Group.groupTypeId
2020-09-23 14:55:45.811 DEBUG group 133 _e-0000e505-a053-8000-29a4-011e94011e94_732 Processing reference: Group.parentId
2020-09-23 14:55:45.811 DEBUG group 133 _e-0000e505-a053-8000-29a4-011e94011e94_732 Processing reference: Group.homePageId
2020-09-23 14:55:45.811 DEBUG group 133 _e-0000e505-a053-8000-29a4-011e94011e94_732 Processing reference: Role[name=<null>]
2020-09-23 14:55:45.811 DEBUG group 133 _e-0000e505-a053-8000-29a4-011e94011e94_732 Completing produce.
2020-09-23 14:55:45.811 DEBUG group 133 _e-0000e505-a053-8000-29a4-011e94011e94_732 Exporting binary resources.
2020-09-23 14:55:45.811 DEBUG group 133 _e-0000e505-a053-8000-29a4-011e94011e94_732 Serializing object to XML.
2020-09-23 14:55:45.812 DEBUG group 133 _e-0000e505-a053-8000-29a4-011e94011e94_732 Removed object from incomplete list.
2020-09-23 14:55:45.812 DEBUG group 133 _e-0000e505-a053-8000-29a4-011e94011e94_732 Object transported.
2020-09-23 14:55:45.812 DEBUG group 133 _e-0000e505-a053-8000-29a4-011e94011e94_732 Binding pending incomplete: group:133
2020-09-23 14:55:45.814 DEBUG group 134 _e-0000e505-a053-8000-29a4-011e94011e94_734 Processing reference: Group.groupTypeId
2020-09-23 14:55:45.816 DEBUG group 134 _e-0000e505-a053-8000-29a4-011e94011e94_734 Processing reference: Group.parentId
2020-09-23 14:55:45.817 DEBUG group 134 _e-0000e505-a053-8000-29a4-011e94011e94_734 Processing reference: Group.homePageId
2020-09-23 14:55:45.817 DEBUG group 134 _e-0000e505-a053-8000-29a4-011e94011e94_734 Processing reference: Role[name=<null>]
2020-09-23 14:55:45.817 DEBUG group 134 _e-0000e505-a053-8000-29a4-011e94011e94_734 Completing produce.
2020-09-23 14:55:45.817 DEBUG group 134 _e-0000e505-a053-8000-29a4-011e94011e94_734 Exporting binary resources.
2020-09-23 14:55:45.817 DEBUG group 134 _e-0000e505-a053-8000-29a4-011e94011e94_734 Serializing object to XML.
2020-09-23 14:55:45.818 DEBUG group 134 _e-0000e505-a053-8000-29a4-011e94011e94_734 Object transported.
2020-09-23 14:55:45.818 DEBUG application 1918 _a-0000e246-1655-8000-e99f-01ef9001ef90_22268 Processing reference: ContentRole[name=administrators,groupIds=[133],inherit=false,allowForAll=false]
2020-09-23 14:55:45.82 DEBUG application 1918 _a-0000e246-1655-8000-e99f-01ef9001ef90_22268 Processing reference: ContentRole[name=denyReaders,inherit=false,allowForAll=false]
2020-09-23 14:55:45.82 DEBUG application 1918 _a-0000e246-1655-8000-e99f-01ef9001ef90_22268 Processing reference: ContentRole[name=denyAuthors,inherit=false,allowForAll=false]
2020-09-23 14:55:45.82 DEBUG application 1918 _a-0000e246-1655-8000-e99f-01ef9001ef90_22268 Processing reference: ContentRole[name=denyAdministrators,inherit=false,allowForAll=false]
2020-09-23 14:55:45.82 DEBUG datatype 2732 {urn:com:appian:types:APP}APP_MAIL_POLLER Begin transport.
2020-09-23 14:55:45.82 DEBUG datatype 2732 {urn:com:appian:types:APP}APP_MAIL_POLLER Retrieving object data.
2020-09-23 14:55:45.848 DEBUG datatype 2732 {urn:com:appian:types:APP}APP_MAIL_POLLER Setting uuids of object references.
2020-09-23 14:55:45.851 DEBUG datatype 2732 {urn:com:appian:types:APP}APP_MAIL_POLLER Completing produce.
2020-09-23 14:55:45.851 DEBUG datatype 2732 {urn:com:appian:types:APP}APP_MAIL_POLLER Exporting binary resources.
2020-09-23 14:55:45.851 DEBUG datatype 2732 {urn:com:appian:types:APP}APP_MAIL_POLLER Serializing object to XML.
2020-09-23 14:55:45.852 DEBUG datatype 2732 {urn:com:appian:types:APP}APP_MAIL_POLLER Object transported.
2020-09-23 14:55:45.852 DEBUG datatype 2944 {urn:com:appian:types:APP}APP_MAIL_POLLER_DOC Begin transport.
2020-09-23 14:55:45.852 DEBUG datatype 2944 {urn:com:appian:types:APP}APP_MAIL_POLLER_DOC Retrieving object data.
2020-09-23 14:55:45.866 DEBUG datatype 2944 {urn:com:appian:types:APP}APP_MAIL_POLLER_DOC Setting uuids of object references.
2020-09-23 14:55:45.868 DEBUG datatype 2944 {urn:com:appian:types:APP}APP_MAIL_POLLER_DOC Completing produce.
2020-09-23 14:55:45.868 DEBUG datatype 2944 {urn:com:appian:types:APP}APP_MAIL_POLLER_DOC Exporting binary resources.
2020-09-23 14:55:45.868 DEBUG datatype 2944 {urn:com:appian:types:APP}APP_MAIL_POLLER_DOC Serializing object to XML.
2020-09-23 14:55:45.868 DEBUG datatype 2944 {urn:com:appian:types:APP}APP_MAIL_POLLER_DOC Object transported.
2020-09-23 14:55:45.871 DEBUG dataStore 3555 _a-0000e246-1655-8000-e99f-01ef9001ef90_22307 Begin transport.
2020-09-23 14:55:45.871 DEBUG dataStore 3555 _a-0000e246-1655-8000-e99f-01ef9001ef90_22307 Retrieving object data.
2020-09-23 14:55:45.876 DEBUG dataStore 3555 _a-0000e246-1655-8000-e99f-01ef9001ef90_22307 Setting uuids of object references.
2020-09-23 14:55:45.877 DEBUG dataStore 3555 _a-0000e246-1655-8000-e99f-01ef9001ef90_22307 Processing reference: datatypeRef[id=2732]
2020-09-23 14:55:45.877 DEBUG dataStore 3555 _a-0000e246-1655-8000-e99f-01ef9001ef90_22307 Processing reference: datatypeRef[id=2944]
2020-09-23 14:55:45.877 DEBUG dataStore 3555 _a-0000e246-1655-8000-e99f-01ef9001ef90_22307 Processing reference: ContentRole[name=administrators,groupIds=[133],inherit=false,allowForAll=false]
2020-09-23 14:55:45.879 DEBUG dataStore 3555 _a-0000e246-1655-8000-e99f-01ef9001ef90_22307 Processing reference: ContentRole[name=authors,groupIds=[134],inherit=false,allowForAll=false]
2020-09-23 14:55:45.881 DEBUG dataStore 3555 _a-0000e246-1655-8000-e99f-01ef9001ef90_22307 Processing reference: ContentRole[name=denyAdministrators,inherit=false,allowForAll=false]
2020-09-23 14:55:45.881 DEBUG dataStore 3555 _a-0000e246-1655-8000-e99f-01ef9001ef90_22307 Processing reference: ContentRole[name=denyAuthors,inherit=false,allowForAll=false]
2020-09-23 14:55:45.881 DEBUG dataStore 3555 _a-0000e246-1655-8000-e99f-01ef9001ef90_22307 Processing reference: ContentRole[name=denyReaders,inherit=false,allowForAll=false]
2020-09-23 14:55:45.881 DEBUG dataStore 3555 _a-0000e246-1655-8000-e99f-01ef9001ef90_22307 Processing reference: ContentRole[name=readers,inherit=false,allowForAll=false]
2020-09-23 14:55:45.881 DEBUG dataStore 3555 _a-0000e246-1655-8000-e99f-01ef9001ef90_22307 Completing produce.
2020-09-23 14:55:45.881 DEBUG dataStore 3555 _a-0000e246-1655-8000-e99f-01ef9001ef90_22307 Exporting binary resources.
2020-09-23 14:55:45.881 DEBUG dataStore 3555 _a-0000e246-1655-8000-e99f-01ef9001ef90_22307 Serializing object to XML.
2020-09-23 14:55:45.882 DEBUG dataStore 3555 _a-0000e246-1655-8000-e99f-01ef9001ef90_22307 Object transported.
2020-09-23 14:55:45.887 DEBUG content 1911 _a-0000e246-1655-8000-e99f-01ef9001ef90_22321 Begin transport.
2020-09-23 14:55:45.887 DEBUG content 1911 _a-0000e246-1655-8000-e99f-01ef9001ef90_22321 Retrieving object data.
2020-09-23 14:55:45.896 DEBUG content 1911 _a-0000e246-1655-8000-e99f-01ef9001ef90_22321 Setting uuids of object references.
2020-09-23 14:55:45.897 DEBUG content 1911 _a-0000e246-1655-8000-e99f-01ef9001ef90_22321 Processing reference: CommunityKnowledgeCenter.forum
2020-09-23 14:55:45.897 DEBUG content 1911 _a-0000e246-1655-8000-e99f-01ef9001ef90_22321 Processing reference: CommunityKnowledgeCenter.parent
2020-09-23 14:55:45.899 DEBUG content 1911 _a-0000e246-1655-8000-e99f-01ef9001ef90_22321 Processing reference: com.appiancorp.suiteapi.content.ContentRoleMap@79dbe780[
  ContentRole[name=readers,inherit=false,allowForAll=false]
  ContentRole[name=authors,groupIds=[134],inherit=false,allowForAll=false]
  ContentRole[name=administrators,groupIds=[133],inherit=true,allowForAll=false]
  ContentRole[name=denyReaders,inherit=false,allowForAll=false]
  ContentRole[name=denyAuthors,inherit=false,allowForAll=false]
  ContentRole[name=denyAdministrators,inherit=false,allowForAll=false]
  securityVector=9:SEC_PUBLIC=true,SEC_CREATOR_ADMIN=false,SEC_INH_ADMIN=true,SEC_INH_EDITOR=false,SEC_INH_VIEWER=false,SEC_ALL_ADMIN=false,SEC_ALL_EDITOR=false,SEC_ALL_VIEWER=false
]
2020-09-23 14:55:45.899 DEBUG content 1911 _a-0000e246-1655-8000-e99f-01ef9001ef90_22321 Processing reference: ContentRole[name=readers,inherit=false,allowForAll=false]
2020-09-23 14:55:45.899 DEBUG content 1911 _a-0000e246-1655-8000-e99f-01ef9001ef90_22321 Processing reference: ContentRole[name=authors,groupIds=[134],inherit=false,allowForAll=false]
2020-09-23 14:55:45.901 DEBUG content 1911 _a-0000e246-1655-8000-e99f-01ef9001ef90_22321 Processing reference: ContentRole[name=administrators,groupIds=[133],inherit=true,allowForAll=false]
2020-09-23 14:55:45.902 DEBUG content 1911 _a-0000e246-1655-8000-e99f-01ef9001ef90_22321 Processing reference: ContentRole[name=denyReaders,inherit=false,allowForAll=false]
2020-09-23 14:55:45.902 DEBUG content 1911 _a-0000e246-1655-8000-e99f-01ef9001ef90_22321 Processing reference: ContentRole[name=denyAuthors,inherit=false,allowForAll=false]
2020-09-23 14:55:45.902 DEBUG content 1911 _a-0000e246-1655-8000-e99f-01ef9001ef90_22321 Processing reference: ContentRole[name=denyAdministrators,inherit=false,allowForAll=false]
2020-09-23 14:55:45.902 DEBUG content 1911 _a-0000e246-1655-8000-e99f-01ef9001ef90_22321 Completing produce.
2020-09-23 14:55:45.902 DEBUG content 1911 _a-0000e246-1655-8000-e99f-01ef9001ef90_22321 Exporting binary resources.
2020-09-23 14:55:45.902 DEBUG content 1911 _a-0000e246-1655-8000-e99f-01ef9001ef90_22321 Serializing object to XML.
2020-09-23 14:55:45.903 DEBUG content 1911 _a-0000e246-1655-8000-e99f-01ef9001ef90_22321 Object transported.
2020-09-23 14:55:45.903 DEBUG content 1912 _a-0000e246-1655-8000-e99f-01ef9001ef90_22328 Begin transport.
2020-09-23 14:55:45.903 DEBUG content 1912 _a-0000e246-1655-8000-e99f-01ef9001ef90_22328 Retrieving object data.
2020-09-23 14:55:45.913 DEBUG content 1912 _a-0000e246-1655-8000-e99f-01ef9001ef90_22328 Setting uuids of object references.
2020-09-23 14:55:45.913 DEBUG content 1912 _a-0000e246-1655-8000-e99f-01ef9001ef90_22328 Processing reference: KnowledgeFolder.forum
2020-09-23 14:55:45.913 DEBUG content 1912 _a-0000e246-1655-8000-e99f-01ef9001ef90_22328 Processing reference: KnowledgeFolder.parent
2020-09-23 14:55:45.916 DEBUG content 1912 _a-0000e246-1655-8000-e99f-01ef9001ef90_22328 Processing reference: com.appiancorp.suiteapi.content.ContentRoleMap@75e0e587[
  ContentRole[name=readers,inherit=true,allowForAll=false]
  ContentRole[name=authors,inherit=true,allowForAll=false]
  ContentRole[name=administrators,inherit=true,allowForAll=false]
  ContentRole[name=denyReaders,inherit=false,allowForAll=false]
  ContentRole[name=denyAuthors,inherit=false,allowForAll=false]
  ContentRole[name=denyAdministrators,inherit=false,allowForAll=false]
  securityVector=15:SEC_PUBLIC=true,SEC_CREATOR_ADMIN=false,SEC_INH_ADMIN=true,SEC_INH_EDITOR=true,SEC_INH_VIEWER=true,SEC_ALL_ADMIN=false,SEC_ALL_EDITOR=false,SEC_ALL_VIEWER=false
]
2020-09-23 14:55:45.916 DEBUG content 1912 _a-0000e246-1655-8000-e99f-01ef9001ef90_22328 Processing reference: ContentRole[name=readers,inherit=true,allowForAll=false]
2020-09-23 14:55:45.916 DEBUG content 1912 _a-0000e246-1655-8000-e99f-01ef9001ef90_22328 Processing reference: ContentRole[name=authors,inherit=true,allowForAll=false]
2020-09-23 14:55:45.916 DEBUG content 1912 _a-0000e246-1655-8000-e99f-01ef9001ef90_22328 Processing reference: ContentRole[name=administrators,inherit=true,allowForAll=false]
2020-09-23 14:55:45.916 DEBUG content 1912 _a-0000e246-1655-8000-e99f-01ef9001ef90_22328 Processing reference: ContentRole[name=denyReaders,inherit=false,allowForAll=false]
2020-09-23 14:55:45.916 DEBUG content 1912 _a-0000e246-1655-8000-e99f-01ef9001ef90_22328 Processing reference: ContentRole[name=denyAuthors,inherit=false,allowForAll=false]
2020-09-23 14:55:45.917 DEBUG content 1912 _a-0000e246-1655-8000-e99f-01ef9001ef90_22328 Processing reference: ContentRole[name=denyAdministrators,inherit=false,allowForAll=false]
2020-09-23 14:55:45.917 DEBUG content 1912 _a-0000e246-1655-8000-e99f-01ef9001ef90_22328 Completing produce.
2020-09-23 14:55:45.917 DEBUG content 1912 _a-0000e246-1655-8000-e99f-01ef9001ef90_22328 Exporting binary resources.
2020-09-23 14:55:45.917 DEBUG content 1912 _a-0000e246-1655-8000-e99f-01ef9001ef90_22328 Serializing object to XML.
2020-09-23 14:55:45.917 DEBUG content 1912 _a-0000e246-1655-8000-e99f-01ef9001ef90_22328 Object transported.
2020-09-23 14:55:45.917 DEBUG content 1913 _a-0000e246-1655-8000-e99f-01ef9001ef90_22455 Begin transport.
2020-09-23 14:55:45.917 DEBUG content 1913 _a-0000e246-1655-8000-e99f-01ef9001ef90_22455 Retrieving object data.
2020-09-23 14:55:45.928 DEBUG content 1913 _a-0000e246-1655-8000-e99f-01ef9001ef90_22455 Setting uuids of object references.
2020-09-23 14:55:45.928 DEBUG content 1913 _a-0000e246-1655-8000-e99f-01ef9001ef90_22455 Processing reference: RulesFolder.forum
2020-09-23 14:55:45.928 DEBUG content 1913 _a-0000e246-1655-8000-e99f-01ef9001ef90_22455 Processing reference: RulesFolder.parent
2020-09-23 14:55:45.932 DEBUG content 1913 _a-0000e246-1655-8000-e99f-01ef9001ef90_22455 Processing reference: com.appiancorp.suiteapi.content.ContentRoleMap@4ee9c27c[
  ContentRole[name=readers,inherit=false,allowForAll=false]
  ContentRole[name=authors,groupIds=[134],inherit=false,allowForAll=false]
  ContentRole[name=administrators,groupIds=[133],inherit=false,allowForAll=false]
  ContentRole[name=denyReaders,inherit=false,allowForAll=false]
  ContentRole[name=denyAuthors,inherit=false,allowForAll=false]
  ContentRole[name=denyAdministrators,inherit=false,allowForAll=false]
  securityVector=1:SEC_PUBLIC=true,SEC_CREATOR_ADMIN=false,SEC_INH_ADMIN=false,SEC_INH_EDITOR=false,SEC_INH_VIEWER=false,SEC_ALL_ADMIN=false,SEC_ALL_EDITOR=false,SEC_ALL_VIEWER=false
]
2020-09-23 14:55:45.932 DEBUG content 1913 _a-0000e246-1655-8000-e99f-01ef9001ef90_22455 Processing reference: ContentRole[name=readers,inherit=false,allowForAll=false]
2020-09-23 14:55:45.932 DEBUG content 1913 _a-0000e246-1655-8000-e99f-01ef9001ef90_22455 Processing reference: ContentRole[name=authors,groupIds=[134],inherit=false,allowForAll=false]
2020-09-23 14:55:45.933 DEBUG content 1913 _a-0000e246-1655-8000-e99f-01ef9001ef90_22455 Processing reference: ContentRole[name=administrators,groupIds=[133],inherit=false,allowForAll=false]
2020-09-23 14:55:45.935 DEBUG content 1913 _a-0000e246-1655-8000-e99f-01ef9001ef90_22455 Processing reference: ContentRole[name=denyReaders,inherit=false,allowForAll=false]
2020-09-23 14:55:45.935 DEBUG content 1913 _a-0000e246-1655-8000-e99f-01ef9001ef90_22455 Processing reference: ContentRole[name=denyAuthors,inherit=false,allowForAll=false]
2020-09-23 14:55:45.935 DEBUG content 1913 _a-0000e246-1655-8000-e99f-01ef9001ef90_22455 Processing reference: ContentRole[name=denyAdministrators,inherit=false,allowForAll=false]
2020-09-23 14:55:45.935 DEBUG content 1913 _a-0000e246-1655-8000-e99f-01ef9001ef90_22455 Completing produce.
2020-09-23 14:55:45.935 DEBUG content 1913 _a-0000e246-1655-8000-e99f-01ef9001ef90_22455 Exporting binary resources.
2020-09-23 14:55:45.935 DEBUG content 1913 _a-0000e246-1655-8000-e99f-01ef9001ef90_22455 Serializing object to XML.
2020-09-23 14:55:45.936 DEBUG content 1913 _a-0000e246-1655-8000-e99f-01ef9001ef90_22455 Object transported.
2020-09-23 14:55:45.936 DEBUG content 3557 _a-0000e246-1655-8000-e99f-01ef9001ef90_22460 Begin transport.
2020-09-23 14:55:45.936 DEBUG content 3557 _a-0000e246-1655-8000-e99f-01ef9001ef90_22460 Retrieving object data.
2020-09-23 14:55:45.944 DEBUG content 3557 _a-0000e246-1655-8000-e99f-01ef9001ef90_22460 Setting uuids of object references.
2020-09-23 14:55:45.944 DEBUG content 3557 _a-0000e246-1655-8000-e99f-01ef9001ef90_22460 Processing reference: [Content:id=1914,versionId=-1,name=APP_MAIL_DSE,type=32,subtype=0,uuid=_a-0000e246-1655-8000-e99f-01ef9001ef90_22460,parent=1913]
2020-09-23 14:55:45.946 DEBUG content 3557 _a-0000e246-1655-8000-e99f-01ef9001ef90_22460 Processing reference: Constant.forum
2020-09-23 14:55:45.947 DEBUG content 3557 _a-0000e246-1655-8000-e99f-01ef9001ef90_22460 Processing reference: Constant.parent
2020-09-23 14:55:45.949 DEBUG content 3557 _a-0000e246-1655-8000-e99f-01ef9001ef90_22460 Processing reference: com.appiancorp.suiteapi.content.ContentRoleMap@19a81510[
  ContentRole[name=readers,inherit=true,allowForAll=false]
  ContentRole[name=authors,inherit=true,allowForAll=false]
  ContentRole[name=administrators,inherit=true,allowForAll=false]
  ContentRole[name=denyReaders,inherit=false,allowForAll=false]
  ContentRole[name=denyAuthors,inherit=false,allowForAll=false]
  ContentRole[name=denyAdministrators,inherit=false,allowForAll=false]
  securityVector=15:SEC_PUBLIC=true,SEC_CREATOR_ADMIN=false,SEC_INH_ADMIN=true,SEC_INH_EDITOR=true,SEC_INH_VIEWER=true,SEC_ALL_ADMIN=false,SEC_ALL_EDITOR=false,SEC_ALL_VIEWER=false
]
2020-09-23 14:55:45.949 DEBUG content 3557 _a-0000e246-1655-8000-e99f-01ef9001ef90_22460 Processing reference: ContentRole[name=readers,inherit=true,allowForAll=false]
2020-09-23 14:55:45.949 DEBUG content 3557 _a-0000e246-1655-8000-e99f-01ef9001ef90_22460 Processing reference: ContentRole[name=authors,inherit=true,allowForAll=false]
2020-09-23 14:55:45.95 DEBUG content 3557 _a-0000e246-1655-8000-e99f-01ef9001ef90_22460 Processing reference: ContentRole[name=administrators,inherit=true,allowForAll=false]
2020-09-23 14:55:45.95 DEBUG content 3557 _a-0000e246-1655-8000-e99f-01ef9001ef90_22460 Processing reference: ContentRole[name=denyReaders,inherit=false,allowForAll=false]
2020-09-23 14:55:45.95 DEBUG content 3557 _a-0000e246-1655-8000-e99f-01ef9001ef90_22460 Processing reference: ContentRole[name=denyAuthors,inherit=false,allowForAll=false]
2020-09-23 14:55:45.95 DEBUG content 3557 _a-0000e246-1655-8000-e99f-01ef9001ef90_22460 Processing reference: ContentRole[name=denyAdministrators,inherit=false,allowForAll=false]
2020-09-23 14:55:45.95 DEBUG content 3557 _a-0000e246-1655-8000-e99f-01ef9001ef90_22460 Completing produce.
2020-09-23 14:55:45.95 DEBUG content 3557 _a-0000e246-1655-8000-e99f-01ef9001ef90_22460 Exporting binary resources.
2020-09-23 14:55:45.95 DEBUG content 3557 _a-0000e246-1655-8000-e99f-01ef9001ef90_22460 Serializing object to XML.
2020-09-23 14:55:45.954 DEBUG content 3557 _a-0000e246-1655-8000-e99f-01ef9001ef90_22460 Object transported.
2020-09-23 14:55:45.954 DEBUG content 3556 _a-0000e248-958c-8000-e99f-01ef9001ef90_22818 Begin transport.
2020-09-23 14:55:45.954 DEBUG content 3556 _a-0000e248-958c-8000-e99f-01ef9001ef90_22818 Retrieving object data.
2020-09-23 14:55:45.968 DEBUG content 3556 _a-0000e248-958c-8000-e99f-01ef9001ef90_22818 Setting uuids of object references.
2020-09-23 14:55:45.968 DEBUG content 3556 _a-0000e248-958c-8000-e99f-01ef9001ef90_22818 Processing reference: [Content:id=1915,versionId=-1,name=APP_viewEmailsFromDB,type=32,subtype=6,uuid=_a-0000e248-958c-8000-e99f-01ef9001ef90_22818,parent=1913]
2020-09-23 14:55:45.973 DEBUG content 3556 _a-0000e248-958c-8000-e99f-01ef9001ef90_22818 Processing reference: Interface.forum
2020-09-23 14:55:45.974 DEBUG content 3556 _a-0000e248-958c-8000-e99f-01ef9001ef90_22818 Processing reference: Interface.parent
2020-09-23 14:55:45.977 DEBUG content 3556 _a-0000e248-958c-8000-e99f-01ef9001ef90_22818 Processing reference: com.appiancorp.suiteapi.content.ContentRoleMap@47899957[
  ContentRole[name=readers,inherit=true,allowForAll=false]
  ContentRole[name=authors,inherit=true,allowForAll=false]
  ContentRole[name=administrators,inherit=true,allowForAll=false]
  ContentRole[name=denyReaders,inherit=false,allowForAll=false]
  ContentRole[name=denyAuthors,inherit=false,allowForAll=false]
  ContentRole[name=denyAdministrators,inherit=false,allowForAll=false]
  securityVector=15:SEC_PUBLIC=true,SEC_CREATOR_ADMIN=false,SEC_INH_ADMIN=true,SEC_INH_EDITOR=true,SEC_INH_VIEWER=true,SEC_ALL_ADMIN=false,SEC_ALL_EDITOR=false,SEC_ALL_VIEWER=false
]
2020-09-23 14:55:45.977 DEBUG content 3556 _a-0000e248-958c-8000-e99f-01ef9001ef90_22818 Processing reference: ContentRole[name=readers,inherit=true,allowForAll=false]
2020-09-23 14:55:45.978 DEBUG content 3556 _a-0000e248-958c-8000-e99f-01ef9001ef90_22818 Processing reference: ContentRole[name=authors,inherit=true,allowForAll=false]
2020-09-23 14:55:45.978 DEBUG content 3556 _a-0000e248-958c-8000-e99f-01ef9001ef90_22818 Processing reference: ContentRole[name=administrators,inherit=true,allowForAll=false]
2020-09-23 14:55:45.978 DEBUG content 3556 _a-0000e248-958c-8000-e99f-01ef9001ef90_22818 Processing reference: ContentRole[name=denyReaders,inherit=false,allowForAll=false]
2020-09-23 14:55:45.978 DEBUG content 3556 _a-0000e248-958c-8000-e99f-01ef9001ef90_22818 Processing reference: ContentRole[name=denyAuthors,inherit=false,allowForAll=false]
2020-09-23 14:55:45.978 DEBUG content 3556 _a-0000e248-958c-8000-e99f-01ef9001ef90_22818 Processing reference: ContentRole[name=denyAdministrators,inherit=false,allowForAll=false]
2020-09-23 14:55:45.978 DEBUG content 3556 _a-0000e248-958c-8000-e99f-01ef9001ef90_22818 Completing produce.
2020-09-23 14:55:45.978 DEBUG content 3556 _a-0000e248-958c-8000-e99f-01ef9001ef90_22818 Exporting binary resources.
2020-09-23 14:55:45.978 DEBUG content 3556 _a-0000e248-958c-8000-e99f-01ef9001ef90_22818 Serializing object to XML.
2020-09-23 14:55:45.979 DEBUG content 3556 _a-0000e248-958c-8000-e99f-01ef9001ef90_22818 Object transported.
2020-09-23 14:55:45.979 DEBUG content 1916 _a-0000e248-958c-8000-e99f-01ef9001ef90_22863 Begin transport.
2020-09-23 14:55:45.979 DEBUG content 1916 _a-0000e248-958c-8000-e99f-01ef9001ef90_22863 Retrieving object data.
2020-09-23 14:55:45.987 DEBUG content 1916 _a-0000e248-958c-8000-e99f-01ef9001ef90_22863 Setting uuids of object references.
2020-09-23 14:55:45.987 DEBUG content 1916 _a-0000e248-958c-8000-e99f-01ef9001ef90_22863 Processing reference: [Content:id=1916,versionId=-1,name=APP_MAIL_DOC_DSE,type=32,subtype=0,uuid=_a-0000e248-958c-8000-e99f-01ef9001ef90_22863,parent=1913]
2020-09-23 14:55:45.99 DEBUG content 1916 _a-0000e248-958c-8000-e99f-01ef9001ef90_22863 Processing reference: Constant.forum
2020-09-23 14:55:45.99 DEBUG content 1916 _a-0000e248-958c-8000-e99f-01ef9001ef90_22863 Processing reference: Constant.parent
2020-09-23 14:55:45.993 DEBUG content 1916 _a-0000e248-958c-8000-e99f-01ef9001ef90_22863 Processing reference: com.appiancorp.suiteapi.content.ContentRoleMap@3d77254e[
  ContentRole[name=readers,inherit=true,allowForAll=false]
  ContentRole[name=authors,inherit=true,allowForAll=false]
  ContentRole[name=administrators,inherit=true,allowForAll=false]
  ContentRole[name=denyReaders,inherit=false,allowForAll=false]
  ContentRole[name=denyAuthors,inherit=false,allowForAll=false]
  ContentRole[name=denyAdministrators,inherit=false,allowForAll=false]
  securityVector=15:SEC_PUBLIC=true,SEC_CREATOR_ADMIN=false,SEC_INH_ADMIN=true,SEC_INH_EDITOR=true,SEC_INH_VIEWER=true,SEC_ALL_ADMIN=false,SEC_ALL_EDITOR=false,SEC_ALL_VIEWER=false
]
2020-09-23 14:55:45.993 DEBUG content 1916 _a-0000e248-958c-8000-e99f-01ef9001ef90_22863 Processing reference: ContentRole[name=readers,inherit=true,allowForAll=false]
2020-09-23 14:55:45.993 DEBUG content 1916 _a-0000e248-958c-8000-e99f-01ef9001ef90_22863 Processing reference: ContentRole[name=authors,inherit=true,allowForAll=false]
2020-09-23 14:55:45.993 DEBUG content 1916 _a-0000e248-958c-8000-e99f-01ef9001ef90_22863 Processing reference: ContentRole[name=administrators,inherit=true,allowForAll=false]
2020-09-23 14:55:45.993 DEBUG content 1916 _a-0000e248-958c-8000-e99f-01ef9001ef90_22863 Processing reference: ContentRole[name=denyReaders,inherit=false,allowForAll=false]
2020-09-23 14:55:45.993 DEBUG content 1916 _a-0000e248-958c-8000-e99f-01ef9001ef90_22863 Processing reference: ContentRole[name=denyAuthors,inherit=false,allowForAll=false]
2020-09-23 14:55:45.993 DEBUG content 1916 _a-0000e248-958c-8000-e99f-01ef9001ef90_22863 Processing reference: ContentRole[name=denyAdministrators,inherit=false,allowForAll=false]
2020-09-23 14:55:45.993 DEBUG content 1916 _a-0000e248-958c-8000-e99f-01ef9001ef90_22863 Completing produce.
2020-09-23 14:55:45.993 DEBUG content 1916 _a-0000e248-958c-8000-e99f-01ef9001ef90_22863 Exporting binary resources.
2020-09-23 14:55:45.993 DEBUG content 1916 _a-0000e248-958c-8000-e99f-01ef9001ef90_22863 Serializing object to XML.
2020-09-23 14:55:45.996 DEBUG content 1916 _a-0000e248-958c-8000-e99f-01ef9001ef90_22863 Object transported.
2020-09-23 14:55:45.996 DEBUG content 1917 _a-0000e248-958c-8000-e99f-01ef9001ef90_22869 Begin transport.
2020-09-23 14:55:45.996 DEBUG content 1917 _a-0000e248-958c-8000-e99f-01ef9001ef90_22869 Retrieving object data.
2020-09-23 14:55:46.008 DEBUG content 1917 _a-0000e248-958c-8000-e99f-01ef9001ef90_22869 Setting uuids of object references.
2020-09-23 14:55:46.008 DEBUG content 1917 _a-0000e248-958c-8000-e99f-01ef9001ef90_22869 Processing reference: [Content:id=1917,versionId=-1,name=APP_viewEmailDocsFromDB,type=32,subtype=6,uuid=_a-0000e248-958c-8000-e99f-01ef9001ef90_22869,parent=1913]
2020-09-23 14:55:46.013 DEBUG content 1917 _a-0000e248-958c-8000-e99f-01ef9001ef90_22869 Processing reference: Interface.forum
2020-09-23 14:55:46.013 DEBUG content 1917 _a-0000e248-958c-8000-e99f-01ef9001ef90_22869 Processing reference: Interface.parent
2020-09-23 14:55:46.017 DEBUG content 1917 _a-0000e248-958c-8000-e99f-01ef9001ef90_22869 Processing reference: com.appiancorp.suiteapi.content.ContentRoleMap@67b1cd90[
  ContentRole[name=readers,inherit=true,allowForAll=false]
  ContentRole[name=authors,inherit=true,allowForAll=false]
  ContentRole[name=administrators,inherit=true,allowForAll=false]
  ContentRole[name=denyReaders,inherit=false,allowForAll=false]
  ContentRole[name=denyAuthors,inherit=false,allowForAll=false]
  ContentRole[name=denyAdministrators,inherit=false,allowForAll=false]
  securityVector=15:SEC_PUBLIC=true,SEC_CREATOR_ADMIN=false,SEC_INH_ADMIN=true,SEC_INH_EDITOR=true,SEC_INH_VIEWER=true,SEC_ALL_ADMIN=false,SEC_ALL_EDITOR=false,SEC_ALL_VIEWER=false
]
2020-09-23 14:55:46.017 DEBUG content 1917 _a-0000e248-958c-8000-e99f-01ef9001ef90_22869 Processing reference: ContentRole[name=readers,inherit=true,allowForAll=false]
2020-09-23 14:55:46.017 DEBUG content 1917 _a-0000e248-958c-8000-e99f-01ef9001ef90_22869 Processing reference: ContentRole[name=authors,inherit=true,allowForAll=false]
2020-09-23 14:55:46.017 DEBUG content 1917 _a-0000e248-958c-8000-e99f-01ef9001ef90_22869 Processing reference: ContentRole[name=administrators,inherit=true,allowForAll=false]
2020-09-23 14:55:46.017 DEBUG content 1917 _a-0000e248-958c-8000-e99f-01ef9001ef90_22869 Processing reference: ContentRole[name=denyReaders,inherit=false,allowForAll=false]
2020-09-23 14:55:46.017 DEBUG content 1917 _a-0000e248-958c-8000-e99f-01ef9001ef90_22869 Processing reference: ContentRole[name=denyAuthors,inherit=false,allowForAll=false]
2020-09-23 14:55:46.017 DEBUG content 1917 _a-0000e248-958c-8000-e99f-01ef9001ef90_22869 Processing reference: ContentRole[name=denyAdministrators,inherit=false,allowForAll=false]
2020-09-23 14:55:46.017 DEBUG content 1917 _a-0000e248-958c-8000-e99f-01ef9001ef90_22869 Completing produce.
2020-09-23 14:55:46.017 DEBUG content 1917 _a-0000e248-958c-8000-e99f-01ef9001ef90_22869 Exporting binary resources.
2020-09-23 14:55:46.017 DEBUG content 1917 _a-0000e248-958c-8000-e99f-01ef9001ef90_22869 Serializing object to XML.
2020-09-23 14:55:46.018 DEBUG content 1917 _a-0000e248-958c-8000-e99f-01ef9001ef90_22869 Object transported.
2020-09-23 14:55:46.02 DEBUG processModelFolder 12 _g-0000e246-1655-8000-e99f-014d98014d98_1 Begin transport.
2020-09-23 14:55:46.02 DEBUG processModelFolder 12 _g-0000e246-1655-8000-e99f-014d98014d98_1 Retrieving object data.
2020-09-23 14:55:46.023 DEBUG processModelFolder 12 _g-0000e246-1655-8000-e99f-014d98014d98_1 Setting uuids of object references.
2020-09-23 14:55:46.023 DEBUG processModelFolder 12 _g-0000e246-1655-8000-e99f-014d98014d98_1 Processing reference: ProcessModelFolder.parentFolderId
2020-09-23 14:55:46.023 DEBUG processModelFolder 12 _g-0000e246-1655-8000-e99f-014d98014d98_1 Processing reference: com.appiancorp.suiteapi.process.ProcessRoleMap@d64076d[
  Role[name=ADMIN_OWNER,groupIds=[133]]
  Role[name=EDITOR,groupIds=[134]]
  Role[name=EXPLICIT_NONMEMBER]
  Role[name=VIEWER]
  Role[name=MANAGER]
  Role[name=INITIATOR]
]
2020-09-23 14:55:46.023 DEBUG processModelFolder 12 _g-0000e246-1655-8000-e99f-014d98014d98_1 Processing reference: Role[name=ADMIN_OWNER,groupIds=[133]]
2020-09-23 14:55:46.025 DEBUG processModelFolder 12 _g-0000e246-1655-8000-e99f-014d98014d98_1 Processing reference: Role[name=EDITOR,groupIds=[134]]
2020-09-23 14:55:46.026 DEBUG processModelFolder 12 _g-0000e246-1655-8000-e99f-014d98014d98_1 Processing reference: Role[name=EXPLICIT_NONMEMBER]
2020-09-23 14:55:46.026 DEBUG processModelFolder 12 _g-0000e246-1655-8000-e99f-014d98014d98_1 Processing reference: Role[name=VIEWER]
2020-09-23 14:55:46.026 DEBUG processModelFolder 12 _g-0000e246-1655-8000-e99f-014d98014d98_1 Processing reference: Role[name=MANAGER]
2020-09-23 14:55:46.026 DEBUG processModelFolder 12 _g-0000e246-1655-8000-e99f-014d98014d98_1 Processing reference: Role[name=INITIATOR]
2020-09-23 14:55:46.026 DEBUG processModelFolder 12 _g-0000e246-1655-8000-e99f-014d98014d98_1 Completing produce.
2020-09-23 14:55:46.026 DEBUG processModelFolder 12 _g-0000e246-1655-8000-e99f-014d98014d98_1 Exporting binary resources.
2020-09-23 14:55:46.026 DEBUG processModelFolder 12 _g-0000e246-1655-8000-e99f-014d98014d98_1 Serializing object to XML.
2020-09-23 14:55:46.027 DEBUG processModelFolder 12 _g-0000e246-1655-8000-e99f-014d98014d98_1 Object transported.
2020-09-23 14:55:46.029 DEBUG processModel 160 0002e247-8856-8000-e99f-014d98014d98 Begin transport.
2020-09-23 14:55:46.029 DEBUG processModel 160 0002e247-8856-8000-e99f-014d98014d98 Retrieving object data.
2020-09-23 14:55:46.048 DEBUG processModel 160 0002e247-8856-8000-e99f-014d98014d98 Setting uuids of object references.
2020-09-23 14:55:46.048 DEBUG processModel 160 0002e247-8856-8000-e99f-014d98014d98 Processing reference: ProcessModelHaul.folderId
2020-09-23 14:55:46.05 DEBUG processModel 160 0002e247-8856-8000-e99f-014d98014d98 Processing reference: ProcessModelHaul.modelDashboardPageId
2020-09-23 14:55:46.05 DEBUG processModel 160 0002e247-8856-8000-e99f-014d98014d98 Processing reference: ProcessModelHaul.processDashboardPageId
2020-09-23 14:55:46.05 DEBUG processModel 160 0002e247-8856-8000-e99f-014d98014d98 Processing reference: ProcessModel.emailAttachmentFolderId
2020-09-23 14:55:46.051 DEBUG processModel 160 0002e247-8856-8000-e99f-014d98014d98 Processing reference: InternalForm.docId
2020-09-23 14:55:46.051 DEBUG processModel 160 0002e247-8856-8000-e99f-014d98014d98 Processing reference: ActivityClassParameter[name=pmID,it=23,v=<null>]
2020-09-23 14:55:46.051 DEBUG processModel 160 0002e247-8856-8000-e99f-014d98014d98 Processing reference: ActivityClassParameter[name=inMap,it=111,v={}]
2020-09-23 14:55:46.051 DEBUG processModel 160 0002e247-8856-8000-e99f-014d98014d98 Processing reference: ActivityClassParameter[name=procInheritsPriority,it=1,v=1]
2020-09-23 14:55:46.051 DEBUG processModel 160 0002e247-8856-8000-e99f-014d98014d98 Processing reference: ActivityClassParameter[name=pmUUID,it=3,v=]
2020-09-23 14:55:46.051 DEBUG processModel 160 0002e247-8856-8000-e99f-014d98014d98 Processing reference: ActivityClassParameter[name=isAsynchronous,it=26,v=1]
2020-09-23 14:55:46.052 DEBUG processModel 160 0002e247-8856-8000-e99f-014d98014d98 Processing reference: ActivityClassParameter[name=isTransparent,it=26,v=1]
2020-09-23 14:55:46.052 DEBUG processModel 160 0002e247-8856-8000-e99f-014d98014d98 Processing reference: ActivityClassParameter[name=inheritSecurity,it=26,v=0]
2020-09-23 14:55:46.052 DEBUG processModel 160 0002e247-8856-8000-e99f-014d98014d98 Processing reference: InternalForm.docId
2020-09-23 14:55:46.052 DEBUG processModel 160 0002e247-8856-8000-e99f-014d98014d98 Processing reference: InternalForm.docId
2020-09-23 14:55:46.052 DEBUG processModel 160 0002e247-8856-8000-e99f-014d98014d98 Processing reference: ActivityClassParameter[name=Mailbox,it=3,v=]
2020-09-23 14:55:46.052 DEBUG processModel 160 0002e247-8856-8000-e99f-014d98014d98 Processing reference: ActivityClassParameter[name=contentType,it=3,v=html]
2020-09-23 14:55:46.053 DEBUG processModel 160 0002e247-8856-8000-e99f-014d98014d98 Processing reference: ActivityClassParameter[name=ScsExternalSystemKey,it=3,v=]
2020-09-23 14:55:46.053 DEBUG processModel 160 0002e247-8856-8000-e99f-014d98014d98 Processing reference: ActivityClassParameter[name=ConnectedViaProxy,it=26,v=0]
2020-09-23 14:55:46.053 DEBUG processModel 160 0002e247-8856-8000-e99f-014d98014d98 Processing reference: ActivityClassParameter[name=ProxyURL,it=3,v=]
2020-09-23 14:55:46.053 DEBUG processModel 160 0002e247-8856-8000-e99f-014d98014d98 Processing reference: ActivityClassParameter[name=ProxyPort,it=1,v=<null>]
2020-09-23 14:55:46.053 DEBUG processModel 160 0002e247-8856-8000-e99f-014d98014d98 Processing reference: ActivityClassParameter[name=ProxyDomain,it=3,v=]
2020-09-23 14:55:46.053 DEBUG processModel 160 0002e247-8856-8000-e99f-014d98014d98 Processing reference: ActivityClassParameter[name=TimeLimit,it=1,v=60000]
2020-09-23 14:55:46.053 DEBUG processModel 160 0002e247-8856-8000-e99f-014d98014d98 Processing reference: ActivityClassParameter[name=AttachmentFolder,it=12,v=1912]
2020-09-23 14:55:46.058 DEBUG processModel 160 0002e247-8856-8000-e99f-014d98014d98 Processing reference: ActivityClassParameter[name=JndiName,it=3,v=]
2020-09-23 14:55:46.058 DEBUG processModel 160 0002e247-8856-8000-e99f-014d98014d98 Processing reference: ActivityClassParameter[name=ErrorOccurred,it=26,v=<null>]
2020-09-23 14:55:46.058 DEBUG processModel 160 0002e247-8856-8000-e99f-014d98014d98 Processing reference: ActivityClassParameter[name=ErrorMessage,it=3,v=]
2020-09-23 14:55:46.058 DEBUG processModel 160 0002e247-8856-8000-e99f-014d98014d98 Processing reference: ActivityClassParameter[name=TimeLimitReached,it=26,v=<null>]
2020-09-23 14:55:46.058 DEBUG processModel 160 0002e247-8856-8000-e99f-014d98014d98 Processing reference: ActivityClassParameter[name=MailCount,it=1,v=<null>]
2020-09-23 14:55:46.058 DEBUG processModel 160 0002e247-8856-8000-e99f-014d98014d98 Processing reference: ActivityClassParameter[name=ErrorCount,it=1,v=<null>]
2020-09-23 14:55:46.058 DEBUG processModel 160 0002e247-8856-8000-e99f-014d98014d98 Processing reference: ActivityClassParameter[name=ExceptionFolderName,it=3,v=]
2020-09-23 14:55:46.058 DEBUG processModel 160 0002e247-8856-8000-e99f-014d98014d98 Processing reference: ActivityClassParameter[name=ProcessedFolderName,it=3,v=]
2020-09-23 14:55:46.058 DEBUG processModel 160 0002e247-8856-8000-e99f-014d98014d98 Processing reference: ProcessVariable[name=TimeLimitReached,it=26,v=<null>]
2020-09-23 14:55:46.059 DEBUG processModel 160 0002e247-8856-8000-e99f-014d98014d98 Processing reference: ProcessVariable[name=ErrorCount,it=1,v=0]
2020-09-23 14:55:46.059 DEBUG processModel 160 0002e247-8856-8000-e99f-014d98014d98 Processing reference: ProcessVariable[name=MailCount,it=1,v=0]
2020-09-23 14:55:46.059 DEBUG processModel 160 0002e247-8856-8000-e99f-014d98014d98 Processing reference: ProcessVariable[name=ErrorMessage,it=3,v=]
2020-09-23 14:55:46.059 DEBUG processModel 160 0002e247-8856-8000-e99f-014d98014d98 Processing reference: ProcessVariable[name=ErrorOccurred,it=26,v=<null>]
2020-09-23 14:55:46.059 DEBUG processModel 160 0002e247-8856-8000-e99f-014d98014d98 Processing reference: com.appiancorp.suiteapi.process.ProcessRoleMap@269210b6[
  Role[name=ADMIN_OWNER,groupIds=[133]]
  Role[name=EDITOR,groupIds=[134]]
  Role[name=EXPLICIT_NONMEMBER]
  Role[name=VIEWER]
  Role[name=MANAGER]
  Role[name=INITIATOR]
]
2020-09-23 14:55:46.059 DEBUG processModel 160 0002e247-8856-8000-e99f-014d98014d98 Processing reference: Role[name=ADMIN_OWNER,groupIds=[133]]
2020-09-23 14:55:46.06 DEBUG processModel 160 0002e247-8856-8000-e99f-014d98014d98 Processing reference: Role[name=EDITOR,groupIds=[134]]
2020-09-23 14:55:46.062 DEBUG processModel 160 0002e247-8856-8000-e99f-014d98014d98 Processing reference: Role[name=EXPLICIT_NONMEMBER]
2020-09-23 14:55:46.062 DEBUG processModel 160 0002e247-8856-8000-e99f-014d98014d98 Processing reference: Role[name=VIEWER]
2020-09-23 14:55:46.062 DEBUG processModel 160 0002e247-8856-8000-e99f-014d98014d98 Processing reference: Role[name=MANAGER]
2020-09-23 14:55:46.062 DEBUG processModel 160 0002e247-8856-8000-e99f-014d98014d98 Processing reference: Role[name=INITIATOR]
2020-09-23 14:55:46.062 DEBUG processModel 160 0002e247-8856-8000-e99f-014d98014d98 Completing produce.
2020-09-23 14:55:46.062 DEBUG processModel 160 0002e247-8856-8000-e99f-014d98014d98 Exporting binary resources.
2020-09-23 14:55:46.062 DEBUG processModel 160 0002e247-8856-8000-e99f-014d98014d98 Serializing object to XML.
2020-09-23 14:55:46.072 DEBUG processModel 160 0002e247-8856-8000-e99f-014d98014d98 Object transported.
2020-09-23 14:55:46.073 DEBUG application 1918 _a-0000e246-1655-8000-e99f-01ef9001ef90_22268 Completing produce.
2020-09-23 14:55:46.073 DEBUG application 1918 _a-0000e246-1655-8000-e99f-01ef9001ef90_22268 Exporting binary resources.
2020-09-23 14:55:46.073 DEBUG application 1918 _a-0000e246-1655-8000-e99f-01ef9001ef90_22268 Serializing object to XML.
2020-09-23 14:55:46.075 DEBUG application 1918 _a-0000e246-1655-8000-e99f-01ef9001ef90_22268 Object transported.
